d:\qtexample\git\zeromq2\zeromq_test\soft\zeromq-4.2.1\obj\libzmq\win32\debug\v120_xp\dynamic\libzmq.pch
d:\qtexample\git\zeromq2\zeromq_test\soft\zeromq-4.2.1\obj\libzmq\win32\debug\v120_xp\dynamic\vc120.pdb
d:\qtexample\git\zeromq2\zeromq_test\soft\zeromq-4.2.1\obj\libzmq\win32\debug\v120_xp\dynamic\precompiled.obj
d:\qtexample\git\zeromq2\zeromq_test\soft\zeromq-4.2.1\obj\libzmq\win32\debug\v120_xp\dynamic\client.obj
d:\qtexample\git\zeromq2\zeromq_test\soft\zeromq-4.2.1\obj\libzmq\win32\debug\v120_xp\dynamic\clock.obj
d:\qtexample\git\zeromq2\zeromq_test\soft\zeromq-4.2.1\obj\libzmq\win32\debug\v120_xp\dynamic\curve_client.obj
d:\qtexample\git\zeromq2\zeromq_test\soft\zeromq-4.2.1\obj\libzmq\win32\debug\v120_xp\dynamic\curve_server.obj
d:\qtexample\git\zeromq2\zeromq_test\soft\zeromq-4.2.1\obj\libzmq\win32\debug\v120_xp\dynamic\dealer.obj
d:\qtexample\git\zeromq2\zeromq_test\soft\zeromq-4.2.1\obj\libzmq\win32\debug\v120_xp\dynamic\dish.obj
d:\qtexample\git\zeromq2\zeromq_test\soft\zeromq-4.2.1\obj\libzmq\win32\debug\v120_xp\dynamic\err.obj
d:\qtexample\git\zeromq2\zeromq_test\soft\zeromq-4.2.1\obj\libzmq\win32\debug\v120_xp\dynamic\fq.obj
d:\qtexample\git\zeromq2\zeromq_test\soft\zeromq-4.2.1\obj\libzmq\win32\debug\v120_xp\dynamic\gssapi_client.obj
d:\qtexample\git\zeromq2\zeromq_test\soft\zeromq-4.2.1\obj\libzmq\win32\debug\v120_xp\dynamic\gssapi_mechanism_base.obj
d:\qtexample\git\zeromq2\zeromq_test\soft\zeromq-4.2.1\obj\libzmq\win32\debug\v120_xp\dynamic\gssapi_server.obj
d:\qtexample\git\zeromq2\zeromq_test\soft\zeromq-4.2.1\obj\libzmq\win32\debug\v120_xp\dynamic\io_object.obj
d:\qtexample\git\zeromq2\zeromq_test\soft\zeromq-4.2.1\obj\libzmq\win32\debug\v120_xp\dynamic\ip.obj
d:\qtexample\git\zeromq2\zeromq_test\soft\zeromq-4.2.1\obj\libzmq\win32\debug\v120_xp\dynamic\ipc_address.obj
d:\qtexample\git\zeromq2\zeromq_test\soft\zeromq-4.2.1\obj\libzmq\win32\debug\v120_xp\dynamic\ipc_listener.obj
d:\qtexample\git\zeromq2\zeromq_test\soft\zeromq-4.2.1\obj\libzmq\win32\debug\v120_xp\dynamic\lb.obj
d:\qtexample\git\zeromq2\zeromq_test\soft\zeromq-4.2.1\obj\libzmq\win32\debug\v120_xp\dynamic\mailbox_safe.obj
d:\qtexample\git\zeromq2\zeromq_test\soft\zeromq-4.2.1\obj\libzmq\win32\debug\v120_xp\dynamic\metadata.obj
d:\qtexample\git\zeromq2\zeromq_test\soft\zeromq-4.2.1\obj\libzmq\win32\debug\v120_xp\dynamic\msg.obj
d:\qtexample\git\zeromq2\zeromq_test\soft\zeromq-4.2.1\obj\libzmq\win32\debug\v120_xp\dynamic\null_mechanism.obj
d:\qtexample\git\zeromq2\zeromq_test\soft\zeromq-4.2.1\obj\libzmq\win32\debug\v120_xp\dynamic\options.obj
d:\qtexample\git\zeromq2\zeromq_test\soft\zeromq-4.2.1\obj\libzmq\win32\debug\v120_xp\dynamic\own.obj
d:\qtexample\git\zeromq2\zeromq_test\soft\zeromq-4.2.1\obj\libzmq\win32\debug\v120_xp\dynamic\pgm_receiver.obj
d:\qtexample\git\zeromq2\zeromq_test\soft\zeromq-4.2.1\obj\libzmq\win32\debug\v120_xp\dynamic\pgm_sender.obj
d:\qtexample\git\zeromq2\zeromq_test\soft\zeromq-4.2.1\obj\libzmq\win32\debug\v120_xp\dynamic\pipe.obj
d:\qtexample\git\zeromq2\zeromq_test\soft\zeromq-4.2.1\obj\libzmq\win32\debug\v120_xp\dynamic\poll.obj
d:\qtexample\git\zeromq2\zeromq_test\soft\zeromq-4.2.1\obj\libzmq\win32\debug\v120_xp\dynamic\poller_base.obj
d:\qtexample\git\zeromq2\zeromq_test\soft\zeromq-4.2.1\obj\libzmq\win32\debug\v120_xp\dynamic\proxy.obj
d:\qtexample\git\zeromq2\zeromq_test\soft\zeromq-4.2.1\obj\libzmq\win32\debug\v120_xp\dynamic\pull.obj
d:\qtexample\git\zeromq2\zeromq_test\soft\zeromq-4.2.1\obj\libzmq\win32\debug\v120_xp\dynamic\radio.obj
d:\qtexample\git\zeromq2\zeromq_test\soft\zeromq-4.2.1\obj\libzmq\win32\debug\v120_xp\dynamic\rep.obj
d:\qtexample\git\zeromq2\zeromq_test\soft\zeromq-4.2.1\obj\libzmq\win32\debug\v120_xp\dynamic\router.obj
d:\qtexample\git\zeromq2\zeromq_test\soft\zeromq-4.2.1\obj\libzmq\win32\debug\v120_xp\dynamic\select.obj
d:\qtexample\git\zeromq2\zeromq_test\soft\zeromq-4.2.1\obj\libzmq\win32\debug\v120_xp\dynamic\session_base.obj
d:\qtexample\git\zeromq2\zeromq_test\soft\zeromq-4.2.1\obj\libzmq\win32\debug\v120_xp\dynamic\socket_base.obj
d:\qtexample\git\zeromq2\zeromq_test\soft\zeromq-4.2.1\obj\libzmq\win32\debug\v120_xp\dynamic\stream.obj
d:\qtexample\git\zeromq2\zeromq_test\soft\zeromq-4.2.1\obj\libzmq\win32\debug\v120_xp\dynamic\sub.obj
d:\qtexample\git\zeromq2\zeromq_test\soft\zeromq-4.2.1\obj\libzmq\win32\debug\v120_xp\dynamic\tcp_address.obj
d:\qtexample\git\zeromq2\zeromq_test\soft\zeromq-4.2.1\obj\libzmq\win32\debug\v120_xp\dynamic\tcp_listener.obj
d:\qtexample\git\zeromq2\zeromq_test\soft\zeromq-4.2.1\obj\libzmq\win32\debug\v120_xp\dynamic\trie.obj
d:\qtexample\git\zeromq2\zeromq_test\soft\zeromq-4.2.1\obj\libzmq\win32\debug\v120_xp\dynamic\udp_address.obj
d:\qtexample\git\zeromq2\zeromq_test\soft\zeromq-4.2.1\obj\libzmq\win32\debug\v120_xp\dynamic\udp_engine.obj
d:\qtexample\git\zeromq2\zeromq_test\soft\zeromq-4.2.1\obj\libzmq\win32\debug\v120_xp\dynamic\xpub.obj
d:\qtexample\git\zeromq2\zeromq_test\soft\zeromq-4.2.1\obj\libzmq\win32\debug\v120_xp\dynamic\zmq_utils.obj
d:\qtexample\git\zeromq2\zeromq_test\soft\zeromq-4.2.1\obj\libzmq\win32\debug\v120_xp\dynamic\address.obj
d:\qtexample\git\zeromq2\zeromq_test\soft\zeromq-4.2.1\obj\libzmq\win32\debug\v120_xp\dynamic\ctx.obj
d:\qtexample\git\zeromq2\zeromq_test\soft\zeromq-4.2.1\obj\libzmq\win32\debug\v120_xp\dynamic\decoder_allocators.obj
d:\qtexample\git\zeromq2\zeromq_test\soft\zeromq-4.2.1\obj\libzmq\win32\debug\v120_xp\dynamic\devpoll.obj
d:\qtexample\git\zeromq2\zeromq_test\soft\zeromq-4.2.1\obj\libzmq\win32\debug\v120_xp\dynamic\dgram.obj
d:\qtexample\git\zeromq2\zeromq_test\soft\zeromq-4.2.1\obj\libzmq\win32\debug\v120_xp\dynamic\dist.obj
d:\qtexample\git\zeromq2\zeromq_test\soft\zeromq-4.2.1\obj\libzmq\win32\debug\v120_xp\dynamic\epoll.obj
d:\qtexample\git\zeromq2\zeromq_test\soft\zeromq-4.2.1\obj\libzmq\win32\debug\v120_xp\dynamic\gather.obj
d:\qtexample\git\zeromq2\zeromq_test\soft\zeromq-4.2.1\obj\libzmq\win32\debug\v120_xp\dynamic\io_thread.obj
d:\qtexample\git\zeromq2\zeromq_test\soft\zeromq-4.2.1\obj\libzmq\win32\debug\v120_xp\dynamic\ipc_connecter.obj
d:\qtexample\git\zeromq2\zeromq_test\soft\zeromq-4.2.1\obj\libzmq\win32\debug\v120_xp\dynamic\kqueue.obj
d:\qtexample\git\zeromq2\zeromq_test\soft\zeromq-4.2.1\obj\libzmq\win32\debug\v120_xp\dynamic\mailbox.obj
d:\qtexample\git\zeromq2\zeromq_test\soft\zeromq-4.2.1\obj\libzmq\win32\debug\v120_xp\dynamic\mechanism.obj
d:\qtexample\git\zeromq2\zeromq_test\soft\zeromq-4.2.1\obj\libzmq\win32\debug\v120_xp\dynamic\mtrie.obj
d:\qtexample\git\zeromq2\zeromq_test\soft\zeromq-4.2.1\obj\libzmq\win32\debug\v120_xp\dynamic\object.obj
d:\qtexample\git\zeromq2\zeromq_test\soft\zeromq-4.2.1\obj\libzmq\win32\debug\v120_xp\dynamic\pair.obj
d:\qtexample\git\zeromq2\zeromq_test\soft\zeromq-4.2.1\obj\libzmq\win32\debug\v120_xp\dynamic\pgm_socket.obj
d:\qtexample\git\zeromq2\zeromq_test\soft\zeromq-4.2.1\obj\libzmq\win32\debug\v120_xp\dynamic\plain_client.obj
d:\qtexample\git\zeromq2\zeromq_test\soft\zeromq-4.2.1\obj\libzmq\win32\debug\v120_xp\dynamic\plain_server.obj
d:\qtexample\git\zeromq2\zeromq_test\soft\zeromq-4.2.1\obj\libzmq\win32\debug\v120_xp\dynamic\pub.obj
d:\qtexample\git\zeromq2\zeromq_test\soft\zeromq-4.2.1\obj\libzmq\win32\debug\v120_xp\dynamic\push.obj
d:\qtexample\git\zeromq2\zeromq_test\soft\zeromq-4.2.1\obj\libzmq\win32\debug\v120_xp\dynamic\random.obj
d:\qtexample\git\zeromq2\zeromq_test\soft\zeromq-4.2.1\obj\libzmq\win32\debug\v120_xp\dynamic\raw_decoder.obj
d:\qtexample\git\zeromq2\zeromq_test\soft\zeromq-4.2.1\obj\libzmq\win32\debug\v120_xp\dynamic\raw_encoder.obj
d:\qtexample\git\zeromq2\zeromq_test\soft\zeromq-4.2.1\obj\libzmq\win32\debug\v120_xp\dynamic\reaper.obj
d:\qtexample\git\zeromq2\zeromq_test\soft\zeromq-4.2.1\obj\libzmq\win32\debug\v120_xp\dynamic\req.obj
d:\qtexample\git\zeromq2\zeromq_test\soft\zeromq-4.2.1\obj\libzmq\win32\debug\v120_xp\dynamic\scatter.obj
d:\qtexample\git\zeromq2\zeromq_test\soft\zeromq-4.2.1\obj\libzmq\win32\debug\v120_xp\dynamic\server.obj
d:\qtexample\git\zeromq2\zeromq_test\soft\zeromq-4.2.1\obj\libzmq\win32\debug\v120_xp\dynamic\signaler.obj
d:\qtexample\git\zeromq2\zeromq_test\soft\zeromq-4.2.1\obj\libzmq\win32\debug\v120_xp\dynamic\socket_poller.obj
d:\qtexample\git\zeromq2\zeromq_test\soft\zeromq-4.2.1\obj\libzmq\win32\debug\v120_xp\dynamic\socks.obj
d:\qtexample\git\zeromq2\zeromq_test\soft\zeromq-4.2.1\obj\libzmq\win32\debug\v120_xp\dynamic\socks_connecter.obj
d:\qtexample\git\zeromq2\zeromq_test\soft\zeromq-4.2.1\obj\libzmq\win32\debug\v120_xp\dynamic\stream_engine.obj
d:\qtexample\git\zeromq2\zeromq_test\soft\zeromq-4.2.1\obj\libzmq\win32\debug\v120_xp\dynamic\tcp.obj
d:\qtexample\git\zeromq2\zeromq_test\soft\zeromq-4.2.1\obj\libzmq\win32\debug\v120_xp\dynamic\tcp_connecter.obj
d:\qtexample\git\zeromq2\zeromq_test\soft\zeromq-4.2.1\obj\libzmq\win32\debug\v120_xp\dynamic\thread.obj
d:\qtexample\git\zeromq2\zeromq_test\soft\zeromq-4.2.1\obj\libzmq\win32\debug\v120_xp\dynamic\timers.obj
d:\qtexample\git\zeromq2\zeromq_test\soft\zeromq-4.2.1\obj\libzmq\win32\debug\v120_xp\dynamic\v1_decoder.obj
d:\qtexample\git\zeromq2\zeromq_test\soft\zeromq-4.2.1\obj\libzmq\win32\debug\v120_xp\dynamic\v1_encoder.obj
d:\qtexample\git\zeromq2\zeromq_test\soft\zeromq-4.2.1\obj\libzmq\win32\debug\v120_xp\dynamic\v2_decoder.obj
d:\qtexample\git\zeromq2\zeromq_test\soft\zeromq-4.2.1\obj\libzmq\win32\debug\v120_xp\dynamic\v2_encoder.obj
d:\qtexample\git\zeromq2\zeromq_test\soft\zeromq-4.2.1\obj\libzmq\win32\debug\v120_xp\dynamic\xsub.obj
d:\qtexample\git\zeromq2\zeromq_test\soft\zeromq-4.2.1\obj\libzmq\win32\debug\v120_xp\dynamic\zmq.obj
d:\qtexample\git\zeromq2\zeromq_test\soft\zeromq-4.2.1\obj\libzmq\win32\debug\v120_xp\dynamic\tweetnacl.obj
d:\qtexample\git\zeromq2\zeromq_test\soft\zeromq-4.2.1\bin\win32\debug\v120_xp\dynamic\libzmq.lib
d:\qtexample\git\zeromq2\zeromq_test\soft\zeromq-4.2.1\bin\win32\debug\v120_xp\dynamic\libzmq.exp
d:\qtexample\git\zeromq2\zeromq_test\soft\zeromq-4.2.1\bin\win32\debug\v120_xp\dynamic\libzmq.ilk
d:\qtexample\git\zeromq2\zeromq_test\soft\zeromq-4.2.1\bin\win32\debug\v120_xp\dynamic\libzmq.dll
d:\qtexample\git\zeromq2\zeromq_test\soft\zeromq-4.2.1\bin\win32\debug\v120_xp\dynamic\libzmq.pdb
d:\qtexample\git\zeromq2\zeromq_test\soft\zeromq-4.2.1\obj\libzmq\win32\debug\v120_xp\dynamic\resource.res
d:\qtexample\git\zeromq2\zeromq_test\soft\zeromq-4.2.1\builds\msvc\vs2013\libzmq\..\..\..\..\bin\win32\debug\v120_xp\dynamic\libzmq.pdb
d:\qtexample\git\zeromq2\zeromq_test\soft\zeromq-4.2.1\builds\msvc\vs2013\libzmq\..\..\..\..\bin\win32\debug\v120_xp\dynamic\libzmq.dll
d:\qtexample\git\zeromq2\zeromq_test\soft\zeromq-4.2.1\builds\msvc\vs2013\libzmq\..\..\..\..\bin\win32\debug\v120_xp\dynamic\libzmq.ilk
d:\qtexample\git\zeromq2\zeromq_test\soft\zeromq-4.2.1\obj\libzmq\win32\debug\v120_xp\dynamic\libzmq.tlog\cl.command.1.tlog
d:\qtexample\git\zeromq2\zeromq_test\soft\zeromq-4.2.1\obj\libzmq\win32\debug\v120_xp\dynamic\libzmq.tlog\cl.read.1.tlog
d:\qtexample\git\zeromq2\zeromq_test\soft\zeromq-4.2.1\obj\libzmq\win32\debug\v120_xp\dynamic\libzmq.tlog\cl.write.1.tlog
d:\qtexample\git\zeromq2\zeromq_test\soft\zeromq-4.2.1\obj\libzmq\win32\debug\v120_xp\dynamic\libzmq.tlog\libzmq.write.1u.tlog
d:\qtexample\git\zeromq2\zeromq_test\soft\zeromq-4.2.1\obj\libzmq\win32\debug\v120_xp\dynamic\libzmq.tlog\link.command.1.tlog
d:\qtexample\git\zeromq2\zeromq_test\soft\zeromq-4.2.1\obj\libzmq\win32\debug\v120_xp\dynamic\libzmq.tlog\link.read.1.tlog
d:\qtexample\git\zeromq2\zeromq_test\soft\zeromq-4.2.1\obj\libzmq\win32\debug\v120_xp\dynamic\libzmq.tlog\link.write.1.tlog
d:\qtexample\git\zeromq2\zeromq_test\soft\zeromq-4.2.1\obj\libzmq\win32\debug\v120_xp\dynamic\libzmq.tlog\rc.command.1.tlog
d:\qtexample\git\zeromq2\zeromq_test\soft\zeromq-4.2.1\obj\libzmq\win32\debug\v120_xp\dynamic\libzmq.tlog\rc.read.1.tlog
d:\qtexample\git\zeromq2\zeromq_test\soft\zeromq-4.2.1\obj\libzmq\win32\debug\v120_xp\dynamic\libzmq.tlog\rc.write.1.tlog
